using dde version: v0.1.2-19-gc8fdd08
log level set to LogLevel.off
Successfully created the directory ../Data/Samples/data_cube-drag_60tsteps_1603/
SAMPLING STARTED...
SAMPLING INITIAL STATES...
0.000664981206258138 simulation number 0 complete
error too high, aborting
error too high, aborting
error too high, aborting
error too high, aborting
error too high, aborting
error too high, aborting
error too high, aborting
error too high, aborting
error too high, aborting
error too high, aborting
error too high, aborting
error too high, aborting
error too high, aborting
error too high, aborting
error too high, aborting
error too high, aborting
error too high, aborting
error too high, aborting
error too high, aborting
error too high, aborting
error too high, aborting
error too high, aborting
error too high, aborting
error too high, aborting
error too high, aborting
error too high, aborting
error too high, aborting
error too high, aborting
error too high, aborting
error too high, aborting
error too high, aborting
error too high, aborting
error too high, aborting
error too high, aborting
error too high, aborting
error too high, aborting
error too high, aborting
error too high, aborting
error too high, aborting
error too high, aborting
error too high, aborting
error too high, aborting
error too high, aborting
error too high, aborting
error too high, aborting
error too high, aborting
error too high, aborting
error too high, aborting
error too high, aborting
error too high, aborting
error too high, aborting
error too high, aborting
error too high, aborting
error too high, aborting
error too high, aborting
error too high, aborting
error too high, aborting
error too high, aborting
error too high, aborting
error too high, aborting
error too high, aborting
error too high, aborting
error too high, aborting
error too high, aborting
error too high, aborting
error too high, aborting
error too high, aborting
error too high, aborting
error too high, aborting
error too high, aborting
error too high, aborting
error too high, aborting
error too high, aborting
error too high, aborting
error too high, aborting
error too high, aborting
error too high, aborting
error too high, aborting
error too high, aborting
error too high, aborting
error too high, aborting
error too high, aborting
error too high, aborting
error too high, aborting
error too high, aborting
error too high, aborting
error too high, aborting
error too high, aborting
error too high, aborting
error too high, aborting
error too high, aborting
error too high, aborting
error too high, aborting
error too high, aborting
error too high, aborting
error too high, aborting
error too high, aborting
error too high, aborting
error too high, aborting
error too high, aborting
error too high, aborting
error too high, aborting
error too high, aborting
error too high, aborting
error too high, aborting
error too high, aborting
error too high, aborting
error too high, aborting
error too high, aborting
error too high, aborting
error too high, aborting
error too high, aborting
error too high, aborting
error too high, aborting
error too high, aborting
error too high, aborting
error too high, aborting
error too high, aborting
error too high, aborting
error too high, aborting
error too high, aborting
error too high, aborting
error too high, aborting
error too high, aborting
error too high, aborting
error too high, aborting
error too high, aborting
error too high, aborting
error too high, aborting
error too high, aborting
error too high, aborting
error too high, aborting
error too high, aborting
error too high, aborting
error too high, aborting
error too high, aborting
error too high, aborting
error too high, aborting
error too high, aborting
error too high, aborting
error too high, aborting
error too high, aborting
error too high, aborting
error too high, aborting
error too high, aborting
error too high, aborting
error too high, aborting
error too high, aborting
error too high, aborting
error too high, aborting
error too high, aborting
error too high, aborting
error too high, aborting
error too high, aborting
error too high, aborting
error too high, aborting
error too high, aborting
error too high, aborting
error too high, aborting
error too high, aborting
error too high, aborting
error too high, aborting
error too high, aborting
error too high, aborting
error too high, aborting
error too high, aborting
error too high, aborting
error too high, aborting
error too high, aborting
error too high, aborting
error too high, aborting
error too high, aborting
error too high, aborting
error too high, aborting
error too high, aborting
error too high, aborting
error too high, aborting
error too high, aborting
error too high, aborting
error too high, aborting
error too high, aborting
error too high, aborting
error too high, aborting
error too high, aborting
error too high, aborting
error too high, aborting
error too high, aborting
error too high, aborting
error too high, aborting
error too high, aborting
error too high, aborting
error too high, aborting
error too high, aborting
error too high, aborting
error too high, aborting
error too high, aborting
error too high, aborting
error too high, aborting
error too high, aborting
error too high, aborting
error too high, aborting
error too high, aborting
error too high, aborting
error too high, aborting
error too high, aborting
error too high, aborting
error too high, aborting
error too high, aborting
error too high, aborting
error too high, aborting
error too high, aborting
error too high, aborting
error too high, aborting
error too high, aborting
error too high, aborting
error too high, aborting
error too high, aborting
error too high, aborting
error too high, aborting
error too high, aborting
error too high, aborting
error too high, aborting
error too high, aborting
error too high, aborting
error too high, aborting
error too high, aborting
error too high, aborting
error too high, aborting
error too high, aborting
error too high, aborting
error too high, aborting
error too high, aborting
error too high, aborting
error too high, aborting
error too high, aborting
error too high, aborting
error too high, aborting
error too high, aborting
error too high, aborting
error too high, aborting
error too high, aborting
error too high, aborting
error too high, aborting
error too high, aborting
error too high, aborting
error too high, aborting
error too high, aborting
error too high, aborting
error too high, aborting
error too high, aborting
error too high, aborting
error too high, aborting
error too high, aborting
error too high, aborting
error too high, aborting
error too high, aborting
error too high, aborting
error too high, aborting
error too high, aborting
error too high, aborting
error too high, aborting
error too high, aborting
error too high, aborting
error too high, aborting
error too high, aborting
error too high, aborting
error too high, aborting
error too high, aborting
error too high, aborting
error too high, aborting
error too high, aborting
error too high, aborting
error too high, aborting
error too high, aborting
error too high, aborting
error too high, aborting
error too high, aborting
error too high, aborting
error too high, aborting
error too high, aborting
error too high, aborting
error too high, aborting
error too high, aborting
error too high, aborting
error too high, aborting
error too high, aborting
error too high, aborting
error too high, aborting
error too high, aborting
error too high, aborting
error too high, aborting
error too high, aborting
error too high, aborting
error too high, aborting
error too high, aborting
error too high, aborting
error too high, aborting
error too high, aborting
error too high, aborting
6.49706091483434 simulation number 2000 complete
13.666324698925019 simulation number 4000 complete
error too high, aborting
error too high, aborting
error too high, aborting
error too high, aborting
error too high, aborting
error too high, aborting
error too high, aborting
error too high, aborting
error too high, aborting
error too high, aborting
error too high, aborting
error too high, aborting
error too high, aborting
error too high, aborting
error too high, aborting
error too high, aborting
error too high, aborting
error too high, aborting
error too high, aborting
error too high, aborting
error too high, aborting
error too high, aborting
error too high, aborting
error too high, aborting
error too high, aborting
error too high, aborting
error too high, aborting
error too high, aborting
error too high, aborting
error too high, aborting
error too high, aborting
error too high, aborting
error too high, aborting
error too high, aborting
error too high, aborting
error too high, aborting
error too high, aborting
error too high, aborting
error too high, aborting
error too high, aborting
error too high, aborting
error too high, aborting
error too high, aborting
error too high, aborting
error too high, aborting
error too high, aborting
error too high, aborting
error too high, aborting
error too high, aborting
error too high, aborting
error too high, aborting
error too high, aborting
error too high, aborting
error too high, aborting
error too high, aborting
error too high, aborting
error too high, aborting
error too high, aborting
error too high, aborting
error too high, aborting
error too high, aborting
error too high, aborting
error too high, aborting
error too high, aborting
error too high, aborting
error too high, aborting
error too high, aborting
error too high, aborting
error too high, aborting
error too high, aborting
error too high, aborting
error too high, aborting
error too high, aborting
error too high, aborting
error too high, aborting
error too high, aborting
error too high, aborting
error too high, aborting
error too high, aborting
error too high, aborting
error too high, aborting
error too high, aborting
error too high, aborting
error too high, aborting
error too high, aborting
error too high, aborting
error too high, aborting
error too high, aborting
error too high, aborting
error too high, aborting
error too high, aborting
error too high, aborting
error too high, aborting
error too high, aborting
error too high, aborting
error too high, aborting
error too high, aborting
error too high, aborting
error too high, aborting
error too high, aborting
error too high, aborting
error too high, aborting
error too high, aborting
error too high, aborting
error too high, aborting
error too high, aborting
error too high, aborting
error too high, aborting
error too high, aborting
error too high, aborting
error too high, aborting
error too high, aborting
error too high, aborting
error too high, aborting
error too high, aborting
error too high, aborting
error too high, aborting
error too high, aborting
error too high, aborting
error too high, aborting
error too high, aborting
error too high, aborting
error too high, aborting
error too high, aborting
error too high, aborting
error too high, aborting
error too high, aborting
error too high, aborting
error too high, aborting
error too high, aborting
error too high, aborting
error too high, aborting
error too high, aborting
error too high, aborting
error too high, aborting
error too high, aborting
error too high, aborting
error too high, aborting
error too high, aborting
error too high, aborting
error too high, aborting
error too high, aborting
error too high, aborting
error too high, aborting
error too high, aborting
error too high, aborting
error too high, aborting
error too high, aborting
error too high, aborting
error too high, aborting
error too high, aborting
error too high, aborting
error too high, aborting
error too high, aborting
error too high, aborting
error too high, aborting
error too high, aborting
error too high, aborting
error too high, aborting
error too high, aborting
error too high, aborting
error too high, aborting
error too high, aborting
error too high, aborting
error too high, aborting
error too high, aborting
error too high, aborting
error too high, aborting
error too high, aborting
error too high, aborting
error too high, aborting
error too high, aborting
error too high, aborting
error too high, aborting
error too high, aborting
error too high, aborting
error too high, aborting
error too high, aborting
error too high, aborting
error too high, aborting
error too high, aborting
error too high, aborting
error too high, aborting
error too high, aborting
error too high, aborting
error too high, aborting
error too high, aborting
error too high, aborting
error too high, aborting
error too high, aborting
error too high, aborting
error too high, aborting
error too high, aborting
error too high, aborting
error too high, aborting
error too high, aborting
error too high, aborting
error too high, aborting
error too high, aborting
error too high, aborting
error too high, aborting
error too high, aborting
error too high, aborting
error too high, aborting
error too high, aborting
error too high, aborting
error too high, aborting
error too high, aborting
error too high, aborting
error too high, aborting
error too high, aborting
error too high, aborting
error too high, aborting
error too high, aborting
error too high, aborting
error too high, aborting
error too high, aborting
error too high, aborting
error too high, aborting
error too high, aborting
error too high, aborting
error too high, aborting
error too high, aborting
error too high, aborting
error too high, aborting
error too high, aborting
error too high, aborting
error too high, aborting
error too high, aborting
error too high, aborting
error too high, aborting
error too high, aborting
error too high, aborting
error too high, aborting
error too high, aborting
error too high, aborting
error too high, aborting
error too high, aborting
error too high, aborting
error too high, aborting
error too high, aborting
error too high, aborting
error too high, aborting
error too high, aborting
error too high, aborting
error too high, aborting
error too high, aborting
error too high, aborting
error too high, aborting
error too high, aborting
error too high, aborting
error too high, aborting
error too high, aborting
error too high, aborting
error too high, aborting
error too high, aborting
error too high, aborting
error too high, aborting
error too high, aborting
error too high, aborting
error too high, aborting
error too high, aborting
error too high, aborting
error too high, aborting
error too high, aborting
error too high, aborting
error too high, aborting
error too high, aborting
error too high, aborting
error too high, aborting
error too high, aborting
error too high, aborting
error too high, aborting
error too high, aborting
error too high, aborting
error too high, aborting
error too high, aborting
error too high, aborting
error too high, aborting
error too high, aborting
error too high, aborting
error too high, aborting
error too high, aborting
error too high, aborting
error too high, aborting
error too high, aborting
error too high, aborting
error too high, aborting
error too high, aborting
error too high, aborting
error too high, aborting
error too high, aborting
error too high, aborting
error too high, aborting
error too high, aborting
error too high, aborting
error too high, aborting
error too high, aborting
error too high, aborting
20.79151488939921 simulation number 6000 complete
25.94232840538025 simulation number 8000 complete
error too high, aborting
error too high, aborting
error too high, aborting
error too high, aborting
error too high, aborting
error too high, aborting
error too high, aborting
error too high, aborting
error too high, aborting
error too high, aborting
error too high, aborting
error too high, aborting
error too high, aborting
error too high, aborting
error too high, aborting
error too high, aborting
error too high, aborting
error too high, aborting
error too high, aborting
error too high, aborting
error too high, aborting
error too high, aborting
error too high, aborting
error too high, aborting
error too high, aborting
error too high, aborting
error too high, aborting
error too high, aborting
error too high, aborting
error too high, aborting
error too high, aborting
error too high, aborting
error too high, aborting
error too high, aborting
error too high, aborting
error too high, aborting
error too high, aborting
error too high, aborting
error too high, aborting
error too high, aborting
error too high, aborting
error too high, aborting
error too high, aborting
error too high, aborting
error too high, aborting
error too high, aborting
error too high, aborting
error too high, aborting
error too high, aborting
error too high, aborting
error too high, aborting
error too high, aborting
error too high, aborting
error too high, aborting
error too high, aborting
error too high, aborting
error too high, aborting
error too high, aborting
error too high, aborting
error too high, aborting
error too high, aborting
error too high, aborting
error too high, aborting
error too high, aborting
error too high, aborting
error too high, aborting
error too high, aborting
error too high, aborting
error too high, aborting
error too high, aborting
error too high, aborting
error too high, aborting
error too high, aborting
error too high, aborting
error too high, aborting
error too high, aborting
error too high, aborting
error too high, aborting
error too high, aborting
error too high, aborting
error too high, aborting
error too high, aborting
error too high, aborting
error too high, aborting
error too high, aborting
error too high, aborting
error too high, aborting
error too high, aborting
error too high, aborting
error too high, aborting
error too high, aborting
error too high, aborting
error too high, aborting
error too high, aborting
error too high, aborting
error too high, aborting
error too high, aborting
error too high, aborting
error too high, aborting
error too high, aborting
error too high, aborting
error too high, aborting
error too high, aborting
error too high, aborting
error too high, aborting
error too high, aborting
error too high, aborting
error too high, aborting
error too high, aborting
error too high, aborting
error too high, aborting
error too high, aborting
error too high, aborting
error too high, aborting
error too high, aborting
error too high, aborting
error too high, aborting
error too high, aborting
error too high, aborting
error too high, aborting
error too high, aborting
error too high, aborting
error too high, aborting
error too high, aborting
error too high, aborting
error too high, aborting
error too high, aborting
error too high, aborting
error too high, aborting
error too high, aborting
error too high, aborting
error too high, aborting
error too high, aborting
error too high, aborting
error too high, aborting
error too high, aborting
error too high, aborting
error too high, aborting
error too high, aborting
error too high, aborting
error too high, aborting
error too high, aborting
error too high, aborting
error too high, aborting
error too high, aborting
error too high, aborting
error too high, aborting
error too high, aborting
error too high, aborting
error too high, aborting
error too high, aborting
error too high, aborting
error too high, aborting
error too high, aborting
error too high, aborting
error too high, aborting
error too high, aborting
error too high, aborting
error too high, aborting
error too high, aborting
error too high, aborting
error too high, aborting
error too high, aborting
error too high, aborting
error too high, aborting
error too high, aborting
error too high, aborting
error too high, aborting
error too high, aborting
error too high, aborting
error too high, aborting
error too high, aborting
error too high, aborting
error too high, aborting
error too high, aborting
error too high, aborting
error too high, aborting
error too high, aborting
error too high, aborting
error too high, aborting
error too high, aborting
error too high, aborting
error too high, aborting
error too high, aborting
error too high, aborting
error too high, aborting
error too high, aborting
error too high, aborting
error too high, aborting
error too high, aborting
error too high, aborting
error too high, aborting
error too high, aborting
error too high, aborting
error too high, aborting
error too high, aborting
error too high, aborting
error too high, aborting
error too high, aborting
error too high, aborting
error too high, aborting
error too high, aborting
error too high, aborting
error too high, aborting
error too high, aborting
error too high, aborting
error too high, aborting
error too high, aborting
error too high, aborting
error too high, aborting
error too high, aborting
error too high, aborting
error too high, aborting
error too high, aborting
error too high, aborting
error too high, aborting
error too high, aborting
error too high, aborting
error too high, aborting
error too high, aborting
error too high, aborting
error too high, aborting
error too high, aborting
error too high, aborting
error too high, aborting
error too high, aborting
error too high, aborting
error too high, aborting
error too high, aborting
error too high, aborting
error too high, aborting
error too high, aborting
error too high, aborting
error too high, aborting
error too high, aborting
error too high, aborting
error too high, aborting
error too high, aborting
error too high, aborting
error too high, aborting
error too high, aborting
error too high, aborting
error too high, aborting
error too high, aborting
error too high, aborting
error too high, aborting
error too high, aborting
error too high, aborting
error too high, aborting
error too high, aborting
error too high, aborting
error too high, aborting
error too high, aborting
error too high, aborting
error too high, aborting
error too high, aborting
error too high, aborting
error too high, aborting
error too high, aborting
error too high, aborting
error too high, aborting
error too high, aborting
error too high, aborting
error too high, aborting
error too high, aborting
error too high, aborting
error too high, aborting
error too high, aborting
error too high, aborting
error too high, aborting
error too high, aborting
error too high, aborting
error too high, aborting
error too high, aborting
error too high, aborting
error too high, aborting
error too high, aborting
error too high, aborting
error too high, aborting
error too high, aborting
error too high, aborting
error too high, aborting
error too high, aborting
error too high, aborting
error too high, aborting
error too high, aborting
error too high, aborting
error too high, aborting
error too high, aborting
error too high, aborting
error too high, aborting
error too high, aborting
error too high, aborting
error too high, aborting
error too high, aborting
error too high, aborting
error too high, aborting
error too high, aborting
error too high, aborting
32.290286529064176 simulation number 10000 complete
error too high, aborting
error too high, aborting
error too high, aborting
error too high, aborting
error too high, aborting
error too high, aborting
error too high, aborting
error too high, aborting
error too high, aborting
error too high, aborting
error too high, aborting
error too high, aborting
error too high, aborting
error too high, aborting
error too high, aborting
error too high, aborting
error too high, aborting
error too high, aborting
error too high, aborting
error too high, aborting
error too high, aborting
error too high, aborting
error too high, aborting
error too high, aborting
error too high, aborting
error too high, aborting
error too high, aborting
error too high, aborting
error too high, aborting
error too high, aborting
error too high, aborting
error too high, aborting
error too high, aborting
error too high, aborting
error too high, aborting
error too high, aborting
error too high, aborting
error too high, aborting
error too high, aborting
error too high, aborting
error too high, aborting
error too high, aborting
error too high, aborting
error too high, aborting
error too high, aborting
error too high, aborting
error too high, aborting
error too high, aborting
error too high, aborting
error too high, aborting
error too high, aborting
error too high, aborting
error too high, aborting
error too high, aborting
error too high, aborting
error too high, aborting
error too high, aborting
error too high, aborting
error too high, aborting
error too high, aborting
error too high, aborting
error too high, aborting
error too high, aborting
error too high, aborting
error too high, aborting
error too high, aborting
error too high, aborting
error too high, aborting
error too high, aborting
error too high, aborting
error too high, aborting
error too high, aborting
error too high, aborting
error too high, aborting
error too high, aborting
error too high, aborting
error too high, aborting
error too high, aborting
error too high, aborting
error too high, aborting
error too high, aborting
error too high, aborting
error too high, aborting
error too high, aborting
error too high, aborting
error too high, aborting
error too high, aborting
error too high, aborting
error too high, aborting
error too high, aborting
error too high, aborting
error too high, aborting
error too high, aborting
error too high, aborting
error too high, aborting
error too high, aborting
error too high, aborting
error too high, aborting
error too high, aborting
error too high, aborting
error too high, aborting
error too high, aborting
error too high, aborting
error too high, aborting
error too high, aborting
error too high, aborting
error too high, aborting
error too high, aborting
error too high, aborting
error too high, aborting
error too high, aborting
error too high, aborting
error too high, aborting
error too high, aborting
error too high, aborting
error too high, aborting
error too high, aborting
error too high, aborting
error too high, aborting
error too high, aborting
error too high, aborting
error too high, aborting
error too high, aborting
error too high, aborting
error too high, aborting
error too high, aborting
error too high, aborting
error too high, aborting
error too high, aborting
error too high, aborting
error too high, aborting
error too high, aborting
error too high, aborting
error too high, aborting
error too high, aborting
error too high, aborting
error too high, aborting
error too high, aborting
error too high, aborting
error too high, aborting
error too high, aborting
error too high, aborting
error too high, aborting
error too high, aborting
error too high, aborting
error too high, aborting
error too high, aborting
error too high, aborting
error too high, aborting
error too high, aborting
error too high, aborting
error too high, aborting
error too high, aborting
error too high, aborting
error too high, aborting
error too high, aborting
error too high, aborting
error too high, aborting
error too high, aborting
error too high, aborting
error too high, aborting
error too high, aborting
error too high, aborting
error too high, aborting
error too high, aborting
error too high, aborting
error too high, aborting
error too high, aborting
error too high, aborting
error too high, aborting
error too high, aborting
error too high, aborting
error too high, aborting
error too high, aborting
error too high, aborting
error too high, aborting
error too high, aborting
error too high, aborting
error too high, aborting
error too high, aborting
error too high, aborting
error too high, aborting
error too high, aborting
error too high, aborting
error too high, aborting
error too high, aborting
error too high, aborting
error too high, aborting
error too high, aborting
error too high, aborting
error too high, aborting
error too high, aborting
error too high, aborting
error too high, aborting
error too high, aborting
error too high, aborting
error too high, aborting
error too high, aborting
error too high, aborting
error too high, aborting
error too high, aborting
error too high, aborting
error too high, aborting
error too high, aborting
error too high, aborting
error too high, aborting
error too high, aborting
error too high, aborting
error too high, aborting
error too high, aborting
error too high, aborting
error too high, aborting
error too high, aborting
error too high, aborting
error too high, aborting
error too high, aborting
error too high, aborting
error too high, aborting
error too high, aborting
error too high, aborting
error too high, aborting
error too high, aborting
error too high, aborting
error too high, aborting
error too high, aborting
error too high, aborting
error too high, aborting
error too high, aborting
error too high, aborting
error too high, aborting
error too high, aborting
error too high, aborting
error too high, aborting
error too high, aborting
error too high, aborting
error too high, aborting
error too high, aborting
error too high, aborting
error too high, aborting
error too high, aborting
error too high, aborting
error too high, aborting
error too high, aborting
error too high, aborting
error too high, aborting
error too high, aborting
error too high, aborting
error too high, aborting
error too high, aborting
error too high, aborting
error too high, aborting
error too high, aborting
error too high, aborting
error too high, aborting
error too high, aborting
error too high, aborting
error too high, aborting
error too high, aborting
error too high, aborting
error too high, aborting
error too high, aborting
error too high, aborting
error too high, aborting
error too high, aborting
error too high, aborting
error too high, aborting
error too high, aborting
error too high, aborting
error too high, aborting
error too high, aborting
error too high, aborting
error too high, aborting
error too high, aborting
error too high, aborting
error too high, aborting
error too high, aborting
error too high, aborting
error too high, aborting
error too high, aborting
error too high, aborting
error too high, aborting
error too high, aborting
error too high, aborting
error too high, aborting
error too high, aborting
error too high, aborting
error too high, aborting
error too high, aborting
error too high, aborting
error too high, aborting
error too high, aborting
error too high, aborting
error too high, aborting
error too high, aborting
error too high, aborting
error too high, aborting
error too high, aborting
error too high, aborting
error too high, aborting
37.65131139755249 simulation number 12000 complete
42.52596606413523 simulation number 14000 complete
48.62470565239588 simulation number 16000 complete
53.48292707999547 simulation number 18000 complete
TOTAL TIME TO SAMPLE STARTIG STATES: 58.39566169977188
SAMPLING NEW TARGETS...
SAMPLING CONTROLS...
error too high, aborting
error too high, aborting
error too high, aborting
error too high, aborting
error too high, aborting
error too high, aborting
error too high, aborting
error too high, aborting
error too high, aborting
error too high, aborting
error too high, aborting
error too high, aborting
error too high, aborting
error too high, aborting
error too high, aborting
error too high, aborting
error too high, aborting
error too high, aborting
error too high, aborting
error too high, aborting
error too high, aborting
error too high, aborting
error too high, aborting
error too high, aborting
error too high, aborting
error too high, aborting
error too high, aborting
error too high, aborting
error too high, aborting
error too high, aborting
error too high, aborting
error too high, aborting
error too high, aborting
error too high, aborting
error too high, aborting
error too high, aborting
error too high, aborting
error too high, aborting
error too high, aborting
error too high, aborting
error too high, aborting
error too high, aborting
error too high, aborting
error too high, aborting
error too high, aborting
error too high, aborting
error too high, aborting
error too high, aborting
error too high, aborting
error too high, aborting
error too high, aborting
error too high, aborting
error too high, aborting
error too high, aborting
error too high, aborting
error too high, aborting
error too high, aborting
error too high, aborting
error too high, aborting
error too high, aborting
error too high, aborting
error too high, aborting
error too high, aborting
error too high, aborting
error too high, aborting
error too high, aborting
error too high, aborting
error too high, aborting
error too high, aborting
error too high, aborting
error too high, aborting
error too high, aborting
error too high, aborting
error too high, aborting
error too high, aborting
error too high, aborting
error too high, aborting
error too high, aborting
error too high, aborting
error too high, aborting
error too high, aborting
error too high, aborting
error too high, aborting
error too high, aborting
error too high, aborting
error too high, aborting
error too high, aborting
error too high, aborting
error too high, aborting
error too high, aborting
error too high, aborting
error too high, aborting
error too high, aborting
error too high, aborting
error too high, aborting
error too high, aborting
error too high, aborting
error too high, aborting
error too high, aborting
error too high, aborting
error too high, aborting
error too high, aborting
error too high, aborting
error too high, aborting
error too high, aborting
error too high, aborting
error too high, aborting
error too high, aborting
error too high, aborting
error too high, aborting
error too high, aborting
error too high, aborting
error too high, aborting
error too high, aborting
error too high, aborting
error too high, aborting
error too high, aborting
error too high, aborting
error too high, aborting
error too high, aborting
error too high, aborting
error too high, aborting
error too high, aborting
error too high, aborting
error too high, aborting
error too high, aborting
error too high, aborting
error too high, aborting
error too high, aborting
error too high, aborting
error too high, aborting
error too high, aborting
error too high, aborting
error too high, aborting
error too high, aborting
error too high, aborting
error too high, aborting
error too high, aborting
error too high, aborting
error too high, aborting
error too high, aborting
error too high, aborting
error too high, aborting
error too high, aborting
error too high, aborting
error too high, aborting
error too high, aborting
error too high, aborting
error too high, aborting
error too high, aborting
error too high, aborting
error too high, aborting
error too high, aborting
error too high, aborting
error too high, aborting
error too high, aborting
error too high, aborting
error too high, aborting
error too high, aborting
error too high, aborting
error too high, aborting
error too high, aborting
error too high, aborting
error too high, aborting
error too high, aborting
error too high, aborting
error too high, aborting
error too high, aborting
error too high, aborting
error too high, aborting
error too high, aborting
error too high, aborting
error too high, aborting
error too high, aborting
error too high, aborting
error too high, aborting
error too high, aborting
error too high, aborting
error too high, aborting
error too high, aborting
error too high, aborting
error too high, aborting
error too high, aborting
error too high, aborting
error too high, aborting
error too high, aborting
error too high, aborting
error too high, aborting
error too high, aborting
error too high, aborting
error too high, aborting
error too high, aborting
error too high, aborting
error too high, aborting
error too high, aborting
error too high, aborting
error too high, aborting
error too high, aborting
batch number 1 completed

Duration: 61.163 min
error too high, aborting
error too high, aborting
error too high, aborting
error too high, aborting
error too high, aborting
error too high, aborting
error too high, aborting
error too high, aborting
error too high, aborting
error too high, aborting
error too high, aborting
error too high, aborting
error too high, aborting
error too high, aborting
error too high, aborting
error too high, aborting
error too high, aborting
error too high, aborting
error too high, aborting
error too high, aborting
error too high, aborting
error too high, aborting
error too high, aborting
error too high, aborting
error too high, aborting
error too high, aborting
error too high, aborting
error too high, aborting
error too high, aborting
error too high, aborting
error too high, aborting
error too high, aborting
error too high, aborting
error too high, aborting
error too high, aborting
error too high, aborting
error too high, aborting
error too high, aborting
error too high, aborting
error too high, aborting
error too high, aborting
error too high, aborting
error too high, aborting
error too high, aborting
error too high, aborting
error too high, aborting
error too high, aborting
error too high, aborting
error too high, aborting
error too high, aborting
error too high, aborting
error too high, aborting
error too high, aborting
error too high, aborting
error too high, aborting
error too high, aborting
error too high, aborting
error too high, aborting
error too high, aborting
error too high, aborting
error too high, aborting
error too high, aborting
error too high, aborting
error too high, aborting
error too high, aborting
error too high, aborting
error too high, aborting
error too high, aborting
error too high, aborting
error too high, aborting
error too high, aborting
error too high, aborting
error too high, aborting
error too high, aborting
error too high, aborting
error too high, aborting
error too high, aborting
error too high, aborting
error too high, aborting
error too high, aborting
error too high, aborting
error too high, aborting
error too high, aborting
error too high, aborting
error too high, aborting
error too high, aborting
error too high, aborting
error too high, aborting
error too high, aborting
error too high, aborting
error too high, aborting
error too high, aborting
error too high, aborting
error too high, aborting
error too high, aborting
error too high, aborting
error too high, aborting
error too high, aborting
error too high, aborting
error too high, aborting
error too high, aborting
error too high, aborting
error too high, aborting
error too high, aborting
error too high, aborting
error too high, aborting
error too high, aborting
error too high, aborting
error too high, aborting
error too high, aborting
error too high, aborting
error too high, aborting
error too high, aborting
error too high, aborting
error too high, aborting
error too high, aborting
error too high, aborting
error too high, aborting
error too high, aborting
error too high, aborting
error too high, aborting
error too high, aborting
error too high, aborting
error too high, aborting
error too high, aborting
error too high, aborting
error too high, aborting
error too high, aborting
error too high, aborting
error too high, aborting
error too high, aborting
error too high, aborting
error too high, aborting
error too high, aborting
error too high, aborting
error too high, aborting
error too high, aborting
error too high, aborting
error too high, aborting
error too high, aborting
error too high, aborting
error too high, aborting
error too high, aborting
error too high, aborting
error too high, aborting
error too high, aborting
error too high, aborting
error too high, aborting
error too high, aborting
error too high, aborting
error too high, aborting
error too high, aborting
error too high, aborting
error too high, aborting
error too high, aborting
error too high, aborting
error too high, aborting
error too high, aborting
error too high, aborting
error too high, aborting
error too high, aborting
error too high, aborting
error too high, aborting
error too high, aborting
error too high, aborting
error too high, aborting
error too high, aborting
error too high, aborting
error too high, aborting
error too high, aborting
error too high, aborting
error too high, aborting
error too high, aborting
error too high, aborting
error too high, aborting
error too high, aborting
error too high, aborting
error too high, aborting
error too high, aborting
error too high, aborting
error too high, aborting
error too high, aborting
error too high, aborting
error too high, aborting
error too high, aborting
error too high, aborting
error too high, aborting
error too high, aborting
error too high, aborting
error too high, aborting
error too high, aborting
error too high, aborting
error too high, aborting
error too high, aborting
error too high, aborting
error too high, aborting
error too high, aborting
error too high, aborting
batch number 2 completed

Duration: 65.549 min
batch number 3 completed

Duration: 68.949 min
batch number 4 completed

Duration: 71.367 min
batch number 5 completed

Duration: 74.491 min
error too high, aborting
error too high, aborting
error too high, aborting
error too high, aborting
error too high, aborting
error too high, aborting
error too high, aborting
error too high, aborting
error too high, aborting
error too high, aborting
error too high, aborting
error too high, aborting
error too high, aborting
error too high, aborting
error too high, aborting
error too high, aborting
error too high, aborting
error too high, aborting
error too high, aborting
error too high, aborting
error too high, aborting
error too high, aborting
error too high, aborting
error too high, aborting
error too high, aborting
error too high, aborting
error too high, aborting
error too high, aborting
error too high, aborting
error too high, aborting
error too high, aborting
error too high, aborting
error too high, aborting
error too high, aborting
error too high, aborting
error too high, aborting
error too high, aborting
error too high, aborting
error too high, aborting
error too high, aborting
error too high, aborting
error too high, aborting
error too high, aborting
error too high, aborting
error too high, aborting
error too high, aborting
error too high, aborting
error too high, aborting
error too high, aborting
error too high, aborting
error too high, aborting
error too high, aborting
error too high, aborting
error too high, aborting
error too high, aborting
error too high, aborting
error too high, aborting
error too high, aborting
error too high, aborting
error too high, aborting
error too high, aborting
error too high, aborting
error too high, aborting
error too high, aborting
error too high, aborting
error too high, aborting
error too high, aborting
error too high, aborting
error too high, aborting
error too high, aborting
error too high, aborting
error too high, aborting
error too high, aborting
error too high, aborting
error too high, aborting
error too high, aborting
error too high, aborting
error too high, aborting
error too high, aborting
error too high, aborting
error too high, aborting
error too high, aborting
error too high, aborting
error too high, aborting
error too high, aborting
error too high, aborting
error too high, aborting
error too high, aborting
error too high, aborting
error too high, aborting
error too high, aborting
error too high, aborting
error too high, aborting
error too high, aborting
error too high, aborting
error too high, aborting
error too high, aborting
error too high, aborting
error too high, aborting
error too high, aborting
error too high, aborting
error too high, aborting
error too high, aborting
error too high, aborting
error too high, aborting
error too high, aborting
error too high, aborting
error too high, aborting
error too high, aborting
error too high, aborting
error too high, aborting
error too high, aborting
error too high, aborting
error too high, aborting
error too high, aborting
error too high, aborting
error too high, aborting
error too high, aborting
error too high, aborting
error too high, aborting
error too high, aborting
error too high, aborting
error too high, aborting
error too high, aborting
error too high, aborting
error too high, aborting
error too high, aborting
error too high, aborting
error too high, aborting
error too high, aborting
error too high, aborting
error too high, aborting
error too high, aborting
error too high, aborting
error too high, aborting
error too high, aborting
error too high, aborting
error too high, aborting
error too high, aborting
error too high, aborting
error too high, aborting
error too high, aborting
error too high, aborting
error too high, aborting
error too high, aborting
error too high, aborting
error too high, aborting
error too high, aborting
error too high, aborting
error too high, aborting
error too high, aborting
error too high, aborting
error too high, aborting
error too high, aborting
error too high, aborting
error too high, aborting
error too high, aborting
error too high, aborting
error too high, aborting
error too high, aborting
error too high, aborting
error too high, aborting
error too high, aborting
error too high, aborting
error too high, aborting
error too high, aborting
error too high, aborting
error too high, aborting
error too high, aborting
error too high, aborting
error too high, aborting
error too high, aborting
error too high, aborting
error too high, aborting
error too high, aborting
error too high, aborting
error too high, aborting
error too high, aborting
error too high, aborting
error too high, aborting
error too high, aborting
error too high, aborting
error too high, aborting
error too high, aborting
error too high, aborting
error too high, aborting
error too high, aborting
error too high, aborting
error too high, aborting
error too high, aborting
error too high, aborting
error too high, aborting
error too high, aborting
error too high, aborting
error too high, aborting
error too high, aborting
error too high, aborting
error too high, aborting
error too high, aborting
batch number 6 completed

Duration: 77.304 min
batch number 7 completed

Duration: 80.588 min
batch number 8 completed

Duration: 83.208 min
batch number 9 completed

Duration: 85.607 min
error too high, aborting
error too high, aborting
error too high, aborting
error too high, aborting
error too high, aborting
error too high, aborting
error too high, aborting
error too high, aborting
error too high, aborting
error too high, aborting
error too high, aborting
error too high, aborting
error too high, aborting
error too high, aborting
error too high, aborting
error too high, aborting
error too high, aborting
error too high, aborting
error too high, aborting
error too high, aborting
error too high, aborting
error too high, aborting
error too high, aborting
error too high, aborting
error too high, aborting
error too high, aborting
error too high, aborting
error too high, aborting
error too high, aborting
error too high, aborting
error too high, aborting
error too high, aborting
error too high, aborting
error too high, aborting
error too high, aborting
error too high, aborting
error too high, aborting
error too high, aborting
error too high, aborting
error too high, aborting
error too high, aborting
error too high, aborting
error too high, aborting
error too high, aborting
error too high, aborting
error too high, aborting
error too high, aborting
error too high, aborting
error too high, aborting
error too high, aborting
error too high, aborting
error too high, aborting
error too high, aborting
error too high, aborting
error too high, aborting
error too high, aborting
error too high, aborting
error too high, aborting
error too high, aborting
error too high, aborting
error too high, aborting
error too high, aborting
error too high, aborting
error too high, aborting
error too high, aborting
error too high, aborting
error too high, aborting
error too high, aborting
error too high, aborting
error too high, aborting
error too high, aborting
error too high, aborting
error too high, aborting
error too high, aborting
error too high, aborting
error too high, aborting
error too high, aborting
error too high, aborting
error too high, aborting
error too high, aborting
error too high, aborting
error too high, aborting
error too high, aborting
error too high, aborting
error too high, aborting
error too high, aborting
error too high, aborting
error too high, aborting
error too high, aborting
error too high, aborting
error too high, aborting
error too high, aborting
error too high, aborting
error too high, aborting
error too high, aborting
error too high, aborting
error too high, aborting
error too high, aborting
error too high, aborting
error too high, aborting
error too high, aborting
error too high, aborting
error too high, aborting
error too high, aborting
error too high, aborting
error too high, aborting
error too high, aborting
error too high, aborting
error too high, aborting
error too high, aborting
error too high, aborting
error too high, aborting
error too high, aborting
error too high, aborting
error too high, aborting
error too high, aborting
error too high, aborting
error too high, aborting
error too high, aborting
error too high, aborting
error too high, aborting
error too high, aborting
error too high, aborting
error too high, aborting
error too high, aborting
error too high, aborting
error too high, aborting
error too high, aborting
error too high, aborting
error too high, aborting
error too high, aborting
error too high, aborting
error too high, aborting
error too high, aborting
error too high, aborting
error too high, aborting
error too high, aborting
error too high, aborting
error too high, aborting
error too high, aborting
error too high, aborting
error too high, aborting
error too high, aborting
error too high, aborting
error too high, aborting
error too high, aborting
error too high, aborting
error too high, aborting
error too high, aborting
error too high, aborting
error too high, aborting
error too high, aborting
error too high, aborting
error too high, aborting
error too high, aborting
error too high, aborting
error too high, aborting
error too high, aborting
error too high, aborting
error too high, aborting
error too high, aborting
error too high, aborting
error too high, aborting
error too high, aborting
error too high, aborting
error too high, aborting
error too high, aborting
error too high, aborting
error too high, aborting
error too high, aborting
error too high, aborting
error too high, aborting
error too high, aborting
error too high, aborting
error too high, aborting
error too high, aborting
error too high, aborting
error too high, aborting
error too high, aborting
error too high, aborting
error too high, aborting
error too high, aborting
error too high, aborting
error too high, aborting
error too high, aborting
error too high, aborting
error too high, aborting
error too high, aborting
error too high, aborting
error too high, aborting
error too high, aborting
error too high, aborting
error too high, aborting
error too high, aborting
error too high, aborting
error too high, aborting
error too high, aborting
error too high, aborting
error too high, aborting
batch number 10 completed

Duration: 88.424 min
error too high, aborting
error too high, aborting
error too high, aborting
error too high, aborting
error too high, aborting
error too high, aborting
error too high, aborting
error too high, aborting
error too high, aborting
error too high, aborting
error too high, aborting
error too high, aborting
error too high, aborting
error too high, aborting
error too high, aborting
error too high, aborting
error too high, aborting
error too high, aborting
error too high, aborting
error too high, aborting
error too high, aborting
error too high, aborting
error too high, aborting
error too high, aborting
error too high, aborting
error too high, aborting
error too high, aborting
error too high, aborting
error too high, aborting
error too high, aborting
error too high, aborting
error too high, aborting
error too high, aborting
error too high, aborting
error too high, aborting
error too high, aborting
error too high, aborting
error too high, aborting
error too high, aborting
error too high, aborting
error too high, aborting
error too high, aborting
error too high, aborting
error too high, aborting
error too high, aborting
error too high, aborting
error too high, aborting
error too high, aborting
error too high, aborting
error too high, aborting
error too high, aborting
error too high, aborting
error too high, aborting
error too high, aborting
error too high, aborting
error too high, aborting
error too high, aborting
error too high, aborting
error too high, aborting
error too high, aborting
error too high, aborting
error too high, aborting
error too high, aborting
error too high, aborting
error too high, aborting
error too high, aborting
error too high, aborting
error too high, aborting
error too high, aborting
error too high, aborting
error too high, aborting
error too high, aborting
error too high, aborting
error too high, aborting
error too high, aborting
error too high, aborting
error too high, aborting
error too high, aborting
error too high, aborting
error too high, aborting
error too high, aborting
error too high, aborting
error too high, aborting
error too high, aborting
error too high, aborting
error too high, aborting
error too high, aborting
error too high, aborting
error too high, aborting
error too high, aborting
error too high, aborting
error too high, aborting
error too high, aborting
error too high, aborting
error too high, aborting
error too high, aborting
error too high, aborting
error too high, aborting
error too high, aborting
error too high, aborting
error too high, aborting
error too high, aborting
error too high, aborting
error too high, aborting
error too high, aborting
error too high, aborting
error too high, aborting
error too high, aborting
error too high, aborting
error too high, aborting
error too high, aborting
error too high, aborting
error too high, aborting
error too high, aborting
error too high, aborting
error too high, aborting
error too high, aborting
error too high, aborting
error too high, aborting
error too high, aborting
error too high, aborting
error too high, aborting
error too high, aborting
error too high, aborting
error too high, aborting
error too high, aborting
error too high, aborting
error too high, aborting
error too high, aborting
error too high, aborting
error too high, aborting
error too high, aborting
error too high, aborting
error too high, aborting
error too high, aborting
error too high, aborting
error too high, aborting
error too high, aborting
error too high, aborting
error too high, aborting
error too high, aborting
error too high, aborting
error too high, aborting
error too high, aborting
error too high, aborting
error too high, aborting
error too high, aborting
error too high, aborting
error too high, aborting
error too high, aborting
error too high, aborting
error too high, aborting
error too high, aborting
error too high, aborting
error too high, aborting
error too high, aborting
error too high, aborting
error too high, aborting
error too high, aborting
error too high, aborting
error too high, aborting
error too high, aborting
error too high, aborting
error too high, aborting
error too high, aborting
error too high, aborting
error too high, aborting
error too high, aborting
error too high, aborting
error too high, aborting
error too high, aborting
error too high, aborting
error too high, aborting
error too high, aborting
error too high, aborting
error too high, aborting
error too high, aborting
error too high, aborting
batch number 11 completed

Duration: 91.166 min
batch number 12 completed

Duration: 93.607 min
batch number 13 completed

Duration: 96.112 min
batch number 14 completed

Duration: 98.414 min
batch number 15 completed

Duration: 100.938 min
batch number 16 completed

Duration: 103.463 min
batch number 17 completed

Duration: 106.367 min
batch number 18 completed

Duration: 108.668 min
error too high, aborting
error too high, aborting
error too high, aborting
error too high, aborting
error too high, aborting
error too high, aborting
error too high, aborting
error too high, aborting
error too high, aborting
error too high, aborting
error too high, aborting
error too high, aborting
error too high, aborting
error too high, aborting
error too high, aborting
error too high, aborting
error too high, aborting
error too high, aborting
error too high, aborting
error too high, aborting
error too high, aborting
error too high, aborting
error too high, aborting
error too high, aborting
error too high, aborting
error too high, aborting
error too high, aborting
error too high, aborting
error too high, aborting
error too high, aborting
error too high, aborting
error too high, aborting
error too high, aborting
error too high, aborting
error too high, aborting
error too high, aborting
error too high, aborting
error too high, aborting
error too high, aborting
error too high, aborting
error too high, aborting
error too high, aborting
error too high, aborting
error too high, aborting
error too high, aborting
error too high, aborting
error too high, aborting
error too high, aborting
error too high, aborting
error too high, aborting
error too high, aborting
error too high, aborting
error too high, aborting
error too high, aborting
error too high, aborting
error too high, aborting
error too high, aborting
error too high, aborting
error too high, aborting
error too high, aborting
error too high, aborting
error too high, aborting
error too high, aborting
error too high, aborting
error too high, aborting
error too high, aborting
error too high, aborting
error too high, aborting
error too high, aborting
error too high, aborting
error too high, aborting
error too high, aborting
error too high, aborting
error too high, aborting
error too high, aborting
error too high, aborting
error too high, aborting
error too high, aborting
error too high, aborting
error too high, aborting
error too high, aborting
error too high, aborting
error too high, aborting
error too high, aborting
error too high, aborting
error too high, aborting
error too high, aborting
error too high, aborting
error too high, aborting
error too high, aborting
error too high, aborting
error too high, aborting
error too high, aborting
error too high, aborting
error too high, aborting
error too high, aborting
error too high, aborting
error too high, aborting
error too high, aborting
error too high, aborting
error too high, aborting
error too high, aborting
error too high, aborting
error too high, aborting
error too high, aborting
error too high, aborting
error too high, aborting
error too high, aborting
error too high, aborting
error too high, aborting
error too high, aborting
error too high, aborting
error too high, aborting
error too high, aborting
error too high, aborting
error too high, aborting
error too high, aborting
error too high, aborting
error too high, aborting
error too high, aborting
error too high, aborting
error too high, aborting
error too high, aborting
error too high, aborting
error too high, aborting
error too high, aborting
error too high, aborting
error too high, aborting
error too high, aborting
error too high, aborting
error too high, aborting
error too high, aborting
error too high, aborting
error too high, aborting
error too high, aborting
error too high, aborting
error too high, aborting
error too high, aborting
error too high, aborting
error too high, aborting
error too high, aborting
error too high, aborting
error too high, aborting
error too high, aborting
error too high, aborting
error too high, aborting
error too high, aborting
error too high, aborting
error too high, aborting
error too high, aborting
error too high, aborting
error too high, aborting
error too high, aborting
error too high, aborting
error too high, aborting
error too high, aborting
error too high, aborting
error too high, aborting
error too high, aborting
error too high, aborting
error too high, aborting
error too high, aborting
error too high, aborting
error too high, aborting
error too high, aborting
error too high, aborting
error too high, aborting
error too high, aborting
error too high, aborting
error too high, aborting
error too high, aborting
error too high, aborting
error too high, aborting
error too high, aborting
error too high, aborting
error too high, aborting
error too high, aborting
error too high, aborting
error too high, aborting
error too high, aborting
error too high, aborting
error too high, aborting
error too high, aborting
error too high, aborting
error too high, aborting
error too high, aborting
error too high, aborting
error too high, aborting
error too high, aborting
error too high, aborting
error too high, aborting
error too high, aborting
error too high, aborting
error too high, aborting
error too high, aborting
error too high, aborting
error too high, aborting
error too high, aborting
error too high, aborting
batch number 19 completed

Duration: 111.315 min
batch number 20 completed

Duration: 114.519 min
SAMPLING COMPLETE.
Jumped to initial state due to high error 0 times
TOTAL TIME TO SAMPLE: 114.51881019274394
