using dde version: v0.1.2-19-gc8fdd08
log level set to LogLevel.off
Successfully created the directory ../Data/Samples/data_cube-drag_30tsteps_1117/
SAMPLING STARTED...
SAMPLING INITIAL STATES...
0.00031647284825642906 simulation number 1 complete
TOTAL TIME TO SAMPLE STARTIG STATES: 24.325888204574586
SAMPLING NEW TARGETS...
SAMPLING CONTROLS...
error too high, aborting
batch number 1 completed

Duration: 34.283 min
batch number 2 completed

Duration: 43.704 min
batch number 3 completed

Duration: 52.789 min
batch number 4 completed

Duration: 61.059 min
batch number 5 completed

Duration: 67.353 min
SAMPLING COMPLETE.
Jumped to initial state due to high error 198 times
TOTAL TIME TO SAMPLE: 67.3530843257904
