using dde version: v0.1.2-19-gc8fdd08
log level set to LogLevel.off
Successfully created the directory ../Data/Samples/data_varstart_30tsteps1139/
SAMPLING STARTED...
20000
SAMPLING INITIAL STATES...
7.12116559346517e-05 simulation number 0 complete
0.12850248018900554 simulation number 2000 complete
0.25817224582036336 simulation number 4000 complete
0.3854923685391744 simulation number 6000 complete
0.5124606410662333 simulation number 8000 complete
0.6400707602500916 simulation number 10000 complete
0.767599368095398 simulation number 12000 complete
0.8962403456370036 simulation number 14000 complete
1.023164411385854 simulation number 16000 complete
1.1509077946345012 simulation number 18000 complete
Jumped to initial state due to high error 0 times
Terminated off optimization due to high error 0 times
TOTAL TIME TO SAMPLE STARTIG STATES: 1.279086128870646
SAMPLING NEW TARGETS...

Duration to start: 1.279 min
SAMPLING CONTROLS...
batch number 1 completed, jumped to initial state 0 times

Duration: 1.342 min
batch number 2 completed, jumped to initial state 0 times

Duration: 1.402 min
batch number 3 completed, jumped to initial state 0 times

Duration: 1.471 min
batch number 4 completed, jumped to initial state 0 times

Duration: 1.530 min
batch number 5 completed, jumped to initial state 0 times

Duration: 1.594 min
batch number 6 completed, jumped to initial state 0 times

Duration: 1.652 min
batch number 7 completed, jumped to initial state 0 times

Duration: 1.710 min
batch number 8 completed, jumped to initial state 0 times

Duration: 1.769 min
batch number 9 completed, jumped to initial state 0 times

Duration: 1.830 min
batch number 10 completed, jumped to initial state 0 times

Duration: 1.894 min
batch number 11 completed, jumped to initial state 0 times

Duration: 1.957 min
batch number 12 completed, jumped to initial state 0 times

Duration: 2.016 min
batch number 13 completed, jumped to initial state 0 times

Duration: 2.080 min
batch number 14 completed, jumped to initial state 0 times

Duration: 2.137 min
batch number 15 completed, jumped to initial state 0 times

Duration: 2.200 min
batch number 16 completed, jumped to initial state 0 times

Duration: 2.258 min
batch number 17 completed, jumped to initial state 0 times

Duration: 2.335 min
batch number 18 completed, jumped to initial state 0 times

Duration: 2.406 min
batch number 19 completed, jumped to initial state 0 times

Duration: 2.468 min
batch number 20 completed, jumped to initial state 0 times

Duration: 2.542 min
SAMPLING COMPLETE.
Jumped to initial state due to high error 0 times
TOTAL TIME TO SAMPLE: 2.5417522033055624
