using dde version: v0.1.2-19-gc8fdd08
log level set to LogLevel.off
Successfully created the directory ../Data/Samples/data_varstart_30tsteps1131/
SAMPLING STARTED...
20000
SAMPLING INITIAL STATES...
TOTAL TIME TO SAMPLE STARTIG STATES: 5.709727605183919e-05
SAMPLING NEW TARGETS...

Duration to start: 0.000 min
SAMPLING CONTROLS...
batch number 1 completed, jumped to initial state 87 times

Duration: 0.582 min
batch number 2 completed, jumped to initial state 267 times

Duration: 1.662 min
batch number 3 completed, jumped to initial state 267 times

Duration: 1.738 min
batch number 4 completed, jumped to initial state 353 times

Duration: 2.328 min
batch number 5 completed, jumped to initial state 353 times

Duration: 2.432 min
batch number 6 completed, jumped to initial state 456 times

Duration: 3.114 min
batch number 7 completed, jumped to initial state 507 times

Duration: 3.487 min
batch number 8 completed, jumped to initial state 939 times

Duration: 5.994 min
batch number 9 completed, jumped to initial state 1436 times

Duration: 8.886 min
batch number 10 completed, jumped to initial state 2125 times

Duration: 13.357 min
batch number 11 completed, jumped to initial state 2866 times

Duration: 17.745 min
batch number 12 completed, jumped to initial state 3541 times

Duration: 21.622 min
batch number 13 completed, jumped to initial state 3631 times

Duration: 22.212 min
batch number 14 completed, jumped to initial state 3722 times

Duration: 22.816 min
batch number 15 completed, jumped to initial state 3802 times

Duration: 23.353 min
batch number 16 completed, jumped to initial state 3808 times

Duration: 23.485 min
batch number 17 completed, jumped to initial state 3808 times

Duration: 23.584 min
batch number 18 completed, jumped to initial state 4108 times

Duration: 25.291 min
batch number 19 completed, jumped to initial state 4560 times

Duration: 27.879 min
batch number 20 completed, jumped to initial state 4626 times

Duration: 28.344 min
SAMPLING COMPLETE.
Jumped to initial state due to high error 4626 times
TOTAL TIME TO SAMPLE: 28.344469475746155
