Unable to init server: Could not connect: Connection refused
Unable to init server: Could not connect: Connection refused

(GridSearch_qhold_passive.py:246704): Gdk-CRITICAL **: 17:58:08.943: gdk_cursor_new_for_display: assertion 'GDK_IS_DISPLAY (display)' failed
['data_2.json', 'data_test', 'data_12.json', 'data_4.json', 'qhold.out', 'data_13.json', 'data_6.json', 'Sampling_qhold.py', 'Description.json', 'data_14.json', 'data_11.json', 'data_0.json', 'data_8.json', 'data_10.json', 'data_5.json', 'data_9.json', 'data_3.json', 'data_7.json', 'data_1.json']
Shape of input: (15000, 9)
Shape of p: (15000, 30)
(15000, 9)
(15000, 30)
Shape of input_test: (5000, 9)
Shape of p_test: (5000, 30)
(5000, 9)
(5000, 30)
epoch:   0/200    LR:   0.010000  loss: 0.03417355
epoch:  20/200    LR:   0.004000  loss: 0.01425968
epoch:  40/200    LR:   0.001600  loss: 0.01123511
epoch:  60/200    LR:   0.000256  loss: 0.01010128
epoch:  80/200    LR:   0.000102  loss: 0.00985105
epoch: 100/200    LR:   0.000041  loss: 0.00983124
epoch: 120/200    LR:   0.000007  loss: 0.00980415
epoch: 140/200    LR:   0.000003  loss: 0.00979773
epoch: 160/200    LR:   0.000001  loss: 0.00979452
epoch: 180/200    LR:   0.000000  loss: 0.00979325
Model 0 trained
epoch: 199 final loss: 0.00979303

Training completed. Total duration: 1.966 min


TOTAL ERROR: 45.10606963704777    epochs: 200    batchsize: 50   LRdecay: 0.4  hiddenlayer[10, 50]
epoch:   0/200    LR:   0.010000  loss: 0.02097825
epoch:  20/200    LR:   0.004000  loss: 0.00978788
epoch:  40/200    LR:   0.001600  loss: 0.00500062
epoch:  60/200    LR:   0.000256  loss: 0.00414870
epoch:  80/200    LR:   0.000102  loss: 0.00392736
epoch: 100/200    LR:   0.000041  loss: 0.00380616
epoch: 120/200    LR:   0.000007  loss: 0.00375460
epoch: 140/200    LR:   0.000003  loss: 0.00374188
epoch: 160/200    LR:   0.000001  loss: 0.00373760
epoch: 180/200    LR:   0.000000  loss: 0.00373560
Model 1 trained
epoch: 199 final loss: 0.00373515

Training completed. Total duration: 4.059 min


TOTAL ERROR: 26.128603359560657    epochs: 200    batchsize: 50   LRdecay: 0.4  hiddenlayer[30, 100]

Duration: 4.075 min
Traceback (most recent call last):
  File "./GridSearch_qhold_passive.py", line 222, in <module>
    json.dump(scores, outfile)
  File "/usr/lib/python3.8/json/__init__.py", line 179, in dump
    for chunk in iterable:
  File "/usr/lib/python3.8/json/encoder.py", line 429, in _iterencode
    yield from _iterencode_list(o, _current_indent_level)
  File "/usr/lib/python3.8/json/encoder.py", line 325, in _iterencode_list
    yield from chunks
  File "/usr/lib/python3.8/json/encoder.py", line 325, in _iterencode_list
    yield from chunks
  File "/usr/lib/python3.8/json/encoder.py", line 438, in _iterencode
    o = _default(o)
  File "/usr/lib/python3.8/json/encoder.py", line 179, in default
    raise TypeError(f'Object of type {o.__class__.__name__} '
TypeError: Object of type float32 is not JSON serializable
