Unable to init server: Could not connect: Connection refused
Unable to init server: Could not connect: Connection refused

(GridSearch_varstart_passive.py:271023): Gdk-CRITICAL **: 22:12:43.129: gdk_cursor_new_for_display: assertion 'GDK_IS_DISPLAY (display)' failed
['data_2.json', 'data_15.json', 'data_test', 'data_12.json', 'data_4.json', 'data_13.json', 'data_6.json', 'vari60.out', 'Sampling_varstart.py', 'Description.json', 'data_14.json', 'data_11.json', 'data_0.json', 'data_8.json', 'data_10.json', 'data_5.json', 'data_9.json', 'data_3.json', 'data_7.json', 'data_1.json']
Shape of input: (16000, 15)
Shape of p: (16000, 180)
(15000, 15)
(15000, 180)
Shape of input_test: (6000, 15)
Shape of p_test: (6000, 180)
(5000, 15)
(5000, 180)
epoch:   0/100    LR:   0.001000  loss: 0.00182856
epoch:  20/100    LR:   0.000700  loss: 0.00013684
epoch:  40/100    LR:   0.000490  loss: 0.00007850
epoch:  60/100    LR:   0.000240  loss: 0.00004638
epoch:  80/100    LR:   0.000168  loss: 0.00004385
Model 0 trained
epoch:  99 final loss: 0.00004089
Training completed. Total duration: 0.904 min
TOTAL ERROR: 0.22243959424713466    epochs: 100    batchsize: 50   LRdecay: 0.7  hiddenlayer[180]

NEXT MODEL
epoch:   0/100    LR:   0.001000  loss: 0.01019543
epoch:  20/100    LR:   0.000700  loss: 0.00014190
epoch:  40/100    LR:   0.000490  loss: 0.00010620
epoch:  60/100    LR:   0.000240  loss: 0.00006875
epoch:  80/100    LR:   0.000168  loss: 0.00006064
Model 1 trained
epoch:  99 final loss: 0.00005299
Training completed. Total duration: 1.403 min
TOTAL ERROR: 0.3231540561132533    epochs: 100    batchsize: 100   LRdecay: 0.7  hiddenlayer[180]

NEXT MODEL
epoch:   0/300    LR:   0.001000  loss: 0.00217130
epoch:  20/300    LR:   0.000700  loss: 0.00010151
epoch:  40/300    LR:   0.000490  loss: 0.00006640
epoch:  60/300    LR:   0.000240  loss: 0.00004762
epoch:  80/300    LR:   0.000168  loss: 0.00003839
epoch: 100/300    LR:   0.000118  loss: 0.00003299
epoch: 120/300    LR:   0.000058  loss: 0.00003054
epoch: 140/300    LR:   0.000040  loss: 0.00002846
epoch: 160/300    LR:   0.000028  loss: 0.00002720
epoch: 180/300    LR:   0.000014  loss: 0.00002632
