Unable to init server: Could not connect: Connection refused
Unable to init server: Could not connect: Connection refused

(GridSearch_varstart_active2.py:278594): Gdk-CRITICAL **: 14:06:34.700: gdk_cursor_new_for_display: assertion 'GDK_IS_DISPLAY (display)' failed
['data_2.json', 'data_15.json', 'data_test', 'data_12.json', 'data_4.json', 'data_13.json', 'data_6.json', 'vari60.out', 'Sampling_varstart.py', 'Description.json', 'data_14.json', 'data_11.json', 'data_0.json', 'data_8.json', 'data_10.json', 'data_5.json', 'data_9.json', 'data_3.json', 'data_7.json', 'data_1.json']
Shape of input: (16000, 15)
Shape of p: (16000, 180)
Shape of input after removing faulty samples: (15937, 15)
(15000, 15)

Shape of input_test: (6000, 15)
Shape of p_test: (6000, 180)
Shape of input_test after removing faulty samples: (5975, 15)
Shape of p_test after removing faulty samples: (5975, 180)
(5000, 15)
(5000, 180)
/pytorch/torch/csrc/utils/tensor_numpy.cpp:141: UserWarning: The given NumPy array is not writeable, and PyTorch does not support non-writeable tensors. This means you can write to the underlying (supposedly non-writeable) NumPy array using the tensor. You may want to copy the array to protect its data or make it writeable before converting it to a tensor. This type of warning will be suppressed for the rest of this program.
epoch:   0/300    LR:   0.001000  loss: 0.02208179
epoch:  20/300    LR:   0.000700  loss: 0.00079969
epoch:  40/300    LR:   0.000490  loss: 0.00028057
epoch:  60/300    LR:   0.000240  loss: 0.00011973
epoch:  80/300    LR:   0.000168  loss: 0.00010283
epoch: 100/300    LR:   0.000118  loss: 0.00009808
epoch: 120/300    LR:   0.000058  loss: 0.00005788
epoch: 140/300    LR:   0.000040  loss: 0.00015850
epoch: 160/300    LR:   0.000028  loss: 0.00009904
